Compiling the CXX compiler identification source file "CMakeCXXCompilerId.cpp" failed.
Compiler: Y:/SKolody_main/Mob_Point_Lev/Hydrastep/04_Design/03_Software/05_Source/_iar_tools/Embedded_Workbench/arm/bin/iccarm.exe 
Build flags: 
Id flags:  

The output was:
2

   IAR ANSI C/C++ Compiler V8.20.2.14835/W32 for ARM
   Copyright 1999-2017 IAR Systems AB.
   Network license: USRTC-IAR_LICENSE (STD)

  # error "A C compiler has been selected for C++."
    ^
"C:\Users\Skolody\source\CortexLib\cmake-build-debug-iar\CMakeFiles\3.14.5\CompilerIdCXX\CMakeCXXCompilerId.cpp",5  Fatal error[Pe035]: 
          #error directive: "A C compiler has been selected for C++."
Fatal error detected, aborting.

Errors: 1
Warnings: none


Compiling the CXX compiler identification source file "CMakeCXXCompilerId.cpp" failed.
Compiler: Y:/SKolody_main/Mob_Point_Lev/Hydrastep/04_Design/03_Software/05_Source/_iar_tools/Embedded_Workbench/arm/bin/iccarm.exe 
Build flags: 
Id flags: -c 

The output was:
2

   IAR ANSI C/C++ Compiler V8.20.2.14835/W32 for ARM
   Copyright 1999-2017 IAR Systems AB.
   Network license: USRTC-IAR_LICENSE (STD)

  # error "A C compiler has been selected for C++."
    ^
"C:\Users\Skolody\source\CortexLib\cmake-build-debug-iar\CMakeFiles\3.14.5\CompilerIdCXX\CMakeCXXCompilerId.cpp",5  Fatal error[Pe035]: 
          #error directive: "A C compiler has been selected for C++."
Fatal error detected, aborting.

Errors: 1
Warnings: none


Compiling the C compiler identification source file "CMakeCCompilerId.c" failed.
Compiler: Y:/SKolody_main/Mob_Point_Lev/Hydrastep/04_Design/03_Software/05_Source/_iar_tools/Embedded_Workbench/arm/bin/iccarm.exe 
Build flags: 
Id flags:  

The output was:
Не удается найти указанный файл


Compiling the C compiler identification source file "CMakeCCompilerId.c" failed.
Compiler: Y:/SKolody_main/Mob_Point_Lev/Hydrastep/04_Design/03_Software/05_Source/_iar_tools/Embedded_Workbench/arm/bin/iccarm.exe 
Build flags: 
Id flags: -c 

The output was:
Не удается найти указанный файл


Compiling the C compiler identification source file "CMakeCCompilerId.c" failed.
Compiler: Y:/SKolody_main/Mob_Point_Lev/Hydrastep/04_Design/03_Software/05_Source/_iar_tools/Embedded_Workbench/arm/bin/iccarm.exe 
Build flags: 
Id flags: -Aa 

The output was:
Не удается найти указанный файл


Compiling the C compiler identification source file "CMakeCCompilerId.c" failed.
Compiler: Y:/SKolody_main/Mob_Point_Lev/Hydrastep/04_Design/03_Software/05_Source/_iar_tools/Embedded_Workbench/arm/bin/iccarm.exe 
Build flags: 
Id flags: -D__CLASSIC_C__ 

The output was:
Не удается найти указанный файл


Compiling the C compiler identification source file "CMakeCCompilerId.c" failed.
Compiler: Y:/SKolody_main/Mob_Point_Lev/Hydrastep/04_Design/03_Software/05_Source/_iar_tools/Embedded_Workbench/arm/bin/iccarm.exe 
Build flags: 
Id flags: --target=arm-arm-none-eabi;-mcpu=cortex-m3 

The output was:
Не удается найти указанный файл


Compiling the C compiler identification source file "CMakeCCompilerId.c" failed.
Compiler: Y:/SKolody_main/Mob_Point_Lev/Hydrastep/04_Design/03_Software/05_Source/_iar_tools/Embedded_Workbench/arm/bin/iccarm.exe 
Build flags: 
Id flags:  

The output was:
Не удается найти указанный файл


Compiling the C compiler identification source file "CMakeCCompilerId.c" failed.
Compiler: Y:/SKolody_main/Mob_Point_Lev/Hydrastep/04_Design/03_Software/05_Source/_iar_tools/Embedded_Workbench/arm/bin/iccarm.exe 
Build flags: 
Id flags: -c 

The output was:
Не удается найти указанный файл


Compiling the C compiler identification source file "CMakeCCompilerId.c" failed.
Compiler: Y:/SKolody_main/Mob_Point_Lev/Hydrastep/04_Design/03_Software/05_Source/_iar_tools/Embedded_Workbench/arm/bin/iccarm.exe 
Build flags: 
Id flags: -Aa 

The output was:
Не удается найти указанный файл


Compiling the C compiler identification source file "CMakeCCompilerId.c" failed.
Compiler: Y:/SKolody_main/Mob_Point_Lev/Hydrastep/04_Design/03_Software/05_Source/_iar_tools/Embedded_Workbench/arm/bin/iccarm.exe 
Build flags: 
Id flags: -D__CLASSIC_C__ 

The output was:
Не удается найти указанный файл


Compiling the C compiler identification source file "CMakeCCompilerId.c" failed.
Compiler: Y:/SKolody_main/Mob_Point_Lev/Hydrastep/04_Design/03_Software/05_Source/_iar_tools/Embedded_Workbench/arm/bin/iccarm.exe 
Build flags: 
Id flags: --target=arm-arm-none-eabi;-mcpu=cortex-m3 

The output was:
Не удается найти указанный файл


Checking whether the C compiler is IAR using "" did not match "IAR .+ Compiler":
Checking whether the C compiler is IAR using "" did not match "IAR .+ Compiler":
Compiling the CXX compiler identification source file "CMakeCXXCompilerId.cpp" failed.
Compiler: Y:/SKolody_main/Mob_Point_Lev/Hydrastep/04_Design/03_Software/05_Source/_iar_tools/Embedded_Workbench/arm/bin/iccarm.exe 
Build flags: 
Id flags:  

The output was:
Не удается найти указанный файл


Compiling the CXX compiler identification source file "CMakeCXXCompilerId.cpp" failed.
Compiler: Y:/SKolody_main/Mob_Point_Lev/Hydrastep/04_Design/03_Software/05_Source/_iar_tools/Embedded_Workbench/arm/bin/iccarm.exe 
Build flags: 
Id flags: -c 

The output was:
Не удается найти указанный файл


Compiling the CXX compiler identification source file "CMakeCXXCompilerId.cpp" failed.
Compiler: Y:/SKolody_main/Mob_Point_Lev/Hydrastep/04_Design/03_Software/05_Source/_iar_tools/Embedded_Workbench/arm/bin/iccarm.exe 
Build flags: 
Id flags: --c++ 

The output was:
Не удается найти указанный файл


Compiling the CXX compiler identification source file "CMakeCXXCompilerId.cpp" failed.
Compiler: Y:/SKolody_main/Mob_Point_Lev/Hydrastep/04_Design/03_Software/05_Source/_iar_tools/Embedded_Workbench/arm/bin/iccarm.exe 
Build flags: 
Id flags: --ec++ 

The output was:
Не удается найти указанный файл


Compiling the CXX compiler identification source file "CMakeCXXCompilerId.cpp" failed.
Compiler: Y:/SKolody_main/Mob_Point_Lev/Hydrastep/04_Design/03_Software/05_Source/_iar_tools/Embedded_Workbench/arm/bin/iccarm.exe 
Build flags: 
Id flags: --target=arm-arm-none-eabi;-mcpu=cortex-m3 

The output was:
Не удается найти указанный файл


Compiling the CXX compiler identification source file "CMakeCXXCompilerId.cpp" failed.
Compiler: Y:/SKolody_main/Mob_Point_Lev/Hydrastep/04_Design/03_Software/05_Source/_iar_tools/Embedded_Workbench/arm/bin/iccarm.exe 
Build flags: 
Id flags:  

The output was:
Не удается найти указанный файл


Compiling the CXX compiler identification source file "CMakeCXXCompilerId.cpp" failed.
Compiler: Y:/SKolody_main/Mob_Point_Lev/Hydrastep/04_Design/03_Software/05_Source/_iar_tools/Embedded_Workbench/arm/bin/iccarm.exe 
Build flags: 
Id flags: -c 

The output was:
Не удается найти указанный файл


Compiling the CXX compiler identification source file "CMakeCXXCompilerId.cpp" failed.
Compiler: Y:/SKolody_main/Mob_Point_Lev/Hydrastep/04_Design/03_Software/05_Source/_iar_tools/Embedded_Workbench/arm/bin/iccarm.exe 
Build flags: 
Id flags: --c++ 

The output was:
Не удается найти указанный файл


Compiling the CXX compiler identification source file "CMakeCXXCompilerId.cpp" failed.
Compiler: Y:/SKolody_main/Mob_Point_Lev/Hydrastep/04_Design/03_Software/05_Source/_iar_tools/Embedded_Workbench/arm/bin/iccarm.exe 
Build flags: 
Id flags: --ec++ 

The output was:
Не удается найти указанный файл


Compiling the CXX compiler identification source file "CMakeCXXCompilerId.cpp" failed.
Compiler: Y:/SKolody_main/Mob_Point_Lev/Hydrastep/04_Design/03_Software/05_Source/_iar_tools/Embedded_Workbench/arm/bin/iccarm.exe 
Build flags: 
Id flags: --target=arm-arm-none-eabi;-mcpu=cortex-m3 

The output was:
Не удается найти указанный файл


Checking whether the CXX compiler is IAR using "" did not match "IAR .+ Compiler":
Checking whether the CXX compiler is IAR using "" did not match "IAR .+ Compiler":
Compiling the CXX compiler identification source file "CMakeCXXCompilerId.cpp" failed.
Compiler: Y:/SKolody_main/Mob_Point_Lev/Hydrastep/04_Design/03_Software/05_Source/_iar_tools/Embedded_Workbench/arm/bin/iccarm.exe 
Build flags: 
Id flags:  

The output was:
2

   IAR ANSI C/C++ Compiler V8.20.2.14835/W32 for ARM
   Copyright 1999-2017 IAR Systems AB.
   Network license: USRTC-IAR_LICENSE (STD)

  # error "A C compiler has been selected for C++."
    ^
"C:\Users\Skolody\source\CortexLib\cmake-build-debug-iar\CMakeFiles\3.15.3\CompilerIdCXX\CMakeCXXCompilerId.cpp",5  Fatal error[Pe035]: 
          #error directive: "A C compiler has been selected for C++."
Fatal error detected, aborting.

Errors: 1
Warnings: none


Compiling the CXX compiler identification source file "CMakeCXXCompilerId.cpp" failed.
Compiler: Y:/SKolody_main/Mob_Point_Lev/Hydrastep/04_Design/03_Software/05_Source/_iar_tools/Embedded_Workbench/arm/bin/iccarm.exe 
Build flags: 
Id flags: -c 

The output was:
2

   IAR ANSI C/C++ Compiler V8.20.2.14835/W32 for ARM
   Copyright 1999-2017 IAR Systems AB.
   Network license: USRTC-IAR_LICENSE (STD)

  # error "A C compiler has been selected for C++."
    ^
"C:\Users\Skolody\source\CortexLib\cmake-build-debug-iar\CMakeFiles\3.15.3\CompilerIdCXX\CMakeCXXCompilerId.cpp",5  Fatal error[Pe035]: 
          #error directive: "A C compiler has been selected for C++."
Fatal error detected, aborting.

Errors: 1
Warnings: none


